  [1m[35m (171.5ms)[0m  [1m[35mCREATE DATABASE "dummy_data_db_development" ENCODING = 'unicode'[0m
  [1m[35m (68.1ms)[0m  [1m[35mCREATE DATABASE "dummy_data_db_test" ENCODING = 'unicode'[0m
  [1m[35m (4.2ms)[0m  [1m[35mCREATE TABLE "schema_migrations" ("version" character varying NOT NULL PRIMARY KEY)[0m
  [1m[35m (2.1ms)[0m  [1m[35mCREATE TABLE "ar_internal_metadata" ("key" character varying NOT NULL PRIMARY KEY, "value" character varying, "created_at" timestamp(6) NOT NULL, "updated_at" timestamp(6) NOT NULL)[0m
  [1m[35m (0.1ms)[0m  [1m[34mSELECT pg_try_advisory_lock(4936897454757567075)[0m
  [1m[36mActiveRecord::SchemaMigration Load (0.4ms)[0m  [1m[34mSELECT "schema_migrations"."version" FROM "schema_migrations" ORDER BY "schema_migrations"."version" ASC[0m
  [1m[36mActiveRecord::InternalMetadata Load (0.6ms)[0m  [1m[34mSELECT * FROM "ar_internal_metadata" WHERE "ar_internal_metadata"."key" = $1 ORDER BY "ar_internal_metadata"."key" ASC LIMIT 1[0m  [[nil, "environment"]]
  [1m[36mActiveRecord::InternalMetadata Create (0.6ms)[0m  [1m[32mINSERT INTO "ar_internal_metadata" ("key", "value", "created_at", "updated_at") VALUES ('environment', 'development', '2024-08-01 17:40:17.916946', '2024-08-01 17:40:17.916949') RETURNING "key"[0m
Migrating to CreateItems (20240801173515)
  [1m[36mTRANSACTION (0.1ms)[0m  [1m[35mBEGIN[0m
  [1m[35m (4.2ms)[0m  [1m[35mCREATE TABLE "items" ("id" bigserial primary key, "name" character varying, "price" integer, "rating" integer, "image_url" character varying, "description" character varying, "created_at" timestamp(6) NOT NULL, "updated_at" timestamp(6) NOT NULL)[0m
  [1m[36mActiveRecord::SchemaMigration Create (0.3ms)[0m  [1m[32mINSERT INTO "schema_migrations" ("version") VALUES ('20240801173515') RETURNING "version"[0m
  [1m[36mTRANSACTION (0.2ms)[0m  [1m[35mCOMMIT[0m
  [1m[35m (0.2ms)[0m  [1m[34mSELECT pg_advisory_unlock(4936897454757567075)[0m
  [1m[36mActiveRecord::SchemaMigration Load (0.1ms)[0m  [1m[34mSELECT "schema_migrations"."version" FROM "schema_migrations" ORDER BY "schema_migrations"."version" ASC[0m
  [1m[36mActiveRecord::SchemaMigration Load (0.5ms)[0m  [1m[34mSELECT "schema_migrations"."version" FROM "schema_migrations" ORDER BY "schema_migrations"."version" ASC[0m
  [1m[36mTRANSACTION (0.1ms)[0m  [1m[35mBEGIN[0m
  [1m[36mItem Create (1.7ms)[0m  [1m[32mINSERT INTO "items" ("name", "price", "rating", "image_url", "description", "created_at", "updated_at") VALUES ($1, $2, $3, $4, $5, $6, $7) RETURNING "id"[0m  [["name", "The Lord of the Rings: The Two Towers"], ["price", 465], ["rating", 5], ["image_url", "https://picsum.photos/200/300"], ["description", "You talking to me?"], ["created_at", "2024-08-01 17:51:12.180854"], ["updated_at", "2024-08-01 17:51:12.180854"]]
  [1m[36mTRANSACTION (0.6ms)[0m  [1m[35mCOMMIT[0m
  [1m[36mTRANSACTION (0.1ms)[0m  [1m[35mBEGIN[0m
  [1m[36mItem Create (1.7ms)[0m  [1m[32mINSERT INTO "items" ("name", "price", "rating", "image_url", "description", "created_at", "updated_at") VALUES ($1, $2, $3, $4, $5, $6, $7) RETURNING "id"[0m  [["name", "Rocky"], ["price", 1033], ["rating", 2], ["image_url", "https://picsum.photos/200/300"], ["description", "Fasten your seatbelts. It's going to be a bumpy night."], ["created_at", "2024-08-01 17:51:12.185900"], ["updated_at", "2024-08-01 17:51:12.185900"]]
  [1m[36mTRANSACTION (0.3ms)[0m  [1m[35mCOMMIT[0m
  [1m[36mTRANSACTION (0.1ms)[0m  [1m[35mBEGIN[0m
  [1m[36mItem Create (1.0ms)[0m  [1m[32mINSERT INTO "items" ("name", "price", "rating", "image_url", "description", "created_at", "updated_at") VALUES ($1, $2, $3, $4, $5, $6, $7) RETURNING "id"[0m  [["name", "Star Wars: Episode V - The Empire Strikes Back"], ["price", 694], ["rating", 2], ["image_url", "https://picsum.photos/200/300"], ["description", "I'm going to make him an offer he can't refuse."], ["created_at", "2024-08-01 17:51:12.190622"], ["updated_at", "2024-08-01 17:51:12.190622"]]
  [1m[36mTRANSACTION (0.3ms)[0m  [1m[35mCOMMIT[0m
  [1m[36mTRANSACTION (0.1ms)[0m  [1m[35mBEGIN[0m
  [1m[36mItem Create (0.9ms)[0m  [1m[32mINSERT INTO "items" ("name", "price", "rating", "image_url", "description", "created_at", "updated_at") VALUES ($1, $2, $3, $4, $5, $6, $7) RETURNING "id"[0m  [["name", "Heat"], ["price", 435], ["rating", 8], ["image_url", "https://picsum.photos/200/300"], ["description", "You talking to me?"], ["created_at", "2024-08-01 17:51:12.193492"], ["updated_at", "2024-08-01 17:51:12.193492"]]
  [1m[36mTRANSACTION (0.3ms)[0m  [1m[35mCOMMIT[0m
  [1m[36mTRANSACTION (0.1ms)[0m  [1m[35mBEGIN[0m
  [1m[36mItem Create (0.9ms)[0m  [1m[32mINSERT INTO "items" ("name", "price", "rating", "image_url", "description", "created_at", "updated_at") VALUES ($1, $2, $3, $4, $5, $6, $7) RETURNING "id"[0m  [["name", "The Usual Suspects"], ["price", 312], ["rating", 0], ["image_url", "https://picsum.photos/200/300"], ["description", "You talking to me?"], ["created_at", "2024-08-01 17:51:12.196179"], ["updated_at", "2024-08-01 17:51:12.196179"]]
  [1m[36mTRANSACTION (0.3ms)[0m  [1m[35mCOMMIT[0m
  [1m[36mTRANSACTION (0.1ms)[0m  [1m[35mBEGIN[0m
  [1m[36mItem Create (1.0ms)[0m  [1m[32mINSERT INTO "items" ("name", "price", "rating", "image_url", "description", "created_at", "updated_at") VALUES ($1, $2, $3, $4, $5, $6, $7) RETURNING "id"[0m  [["name", "Goodfellas"], ["price", 844], ["rating", 3], ["image_url", "https://picsum.photos/200/300"], ["description", "All right, Mr. DeMille, I'm ready for my closeup."], ["created_at", "2024-08-01 17:51:12.198738"], ["updated_at", "2024-08-01 17:51:12.198738"]]
  [1m[36mTRANSACTION (0.3ms)[0m  [1m[35mCOMMIT[0m
  [1m[36mTRANSACTION (0.1ms)[0m  [1m[35mBEGIN[0m
  [1m[36mItem Create (0.9ms)[0m  [1m[32mINSERT INTO "items" ("name", "price", "rating", "image_url", "description", "created_at", "updated_at") VALUES ($1, $2, $3, $4, $5, $6, $7) RETURNING "id"[0m  [["name", "The Thing"], ["price", 793], ["rating", 7], ["image_url", "https://picsum.photos/200/300"], ["description", "You talking to me?"], ["created_at", "2024-08-01 17:51:12.201354"], ["updated_at", "2024-08-01 17:51:12.201354"]]
  [1m[36mTRANSACTION (0.3ms)[0m  [1m[35mCOMMIT[0m
  [1m[36mTRANSACTION (0.1ms)[0m  [1m[35mBEGIN[0m
  [1m[36mItem Create (1.0ms)[0m  [1m[32mINSERT INTO "items" ("name", "price", "rating", "image_url", "description", "created_at", "updated_at") VALUES ($1, $2, $3, $4, $5, $6, $7) RETURNING "id"[0m  [["name", "V for Vendetta"], ["price", 113], ["rating", 7], ["image_url", "https://picsum.photos/200/300"], ["description", "I love the smell of napalm in the morning."], ["created_at", "2024-08-01 17:51:12.203916"], ["updated_at", "2024-08-01 17:51:12.203916"]]
  [1m[36mTRANSACTION (0.3ms)[0m  [1m[35mCOMMIT[0m
  [1m[36mTRANSACTION (0.1ms)[0m  [1m[35mBEGIN[0m
  [1m[36mItem Create (0.9ms)[0m  [1m[32mINSERT INTO "items" ("name", "price", "rating", "image_url", "description", "created_at", "updated_at") VALUES ($1, $2, $3, $4, $5, $6, $7) RETURNING "id"[0m  [["name", "The Sixth Sense"], ["price", 442], ["rating", 7], ["image_url", "https://picsum.photos/200/300"], ["description", "May the Force be with you."], ["created_at", "2024-08-01 17:51:12.206535"], ["updated_at", "2024-08-01 17:51:12.206535"]]
  [1m[36mTRANSACTION (0.3ms)[0m  [1m[35mCOMMIT[0m
  [1m[36mTRANSACTION (0.1ms)[0m  [1m[35mBEGIN[0m
  [1m[36mItem Create (0.9ms)[0m  [1m[32mINSERT INTO "items" ("name", "price", "rating", "image_url", "description", "created_at", "updated_at") VALUES ($1, $2, $3, $4, $5, $6, $7) RETURNING "id"[0m  [["name", "Network"], ["price", 510], ["rating", 3], ["image_url", "https://picsum.photos/200/300"], ["description", "Greetings, programs!"], ["created_at", "2024-08-01 17:51:12.209084"], ["updated_at", "2024-08-01 17:51:12.209084"]]
  [1m[36mTRANSACTION (0.3ms)[0m  [1m[35mCOMMIT[0m
  [1m[36mTRANSACTION (0.1ms)[0m  [1m[35mBEGIN[0m
  [1m[36mItem Create (0.8ms)[0m  [1m[32mINSERT INTO "items" ("name", "price", "rating", "image_url", "description", "created_at", "updated_at") VALUES ($1, $2, $3, $4, $5, $6, $7) RETURNING "id"[0m  [["name", "Beauty and the Beast"], ["price", 659], ["rating", 8], ["image_url", "https://picsum.photos/200/300"], ["description", "I love the smell of napalm in the morning."], ["created_at", "2024-08-01 17:51:12.211691"], ["updated_at", "2024-08-01 17:51:12.211691"]]
  [1m[36mTRANSACTION (0.3ms)[0m  [1m[35mCOMMIT[0m
  [1m[36mTRANSACTION (0.1ms)[0m  [1m[35mBEGIN[0m
  [1m[36mItem Create (0.9ms)[0m  [1m[32mINSERT INTO "items" ("name", "price", "rating", "image_url", "description", "created_at", "updated_at") VALUES ($1, $2, $3, $4, $5, $6, $7) RETURNING "id"[0m  [["name", "Witness for the Prosecution"], ["price", 674], ["rating", 5], ["image_url", "https://picsum.photos/200/300"], ["description", "You talking to me?"], ["created_at", "2024-08-01 17:51:12.214155"], ["updated_at", "2024-08-01 17:51:12.214155"]]
  [1m[36mTRANSACTION (0.2ms)[0m  [1m[35mCOMMIT[0m
  [1m[36mTRANSACTION (0.1ms)[0m  [1m[35mBEGIN[0m
  [1m[36mItem Create (0.9ms)[0m  [1m[32mINSERT INTO "items" ("name", "price", "rating", "image_url", "description", "created_at", "updated_at") VALUES ($1, $2, $3, $4, $5, $6, $7) RETURNING "id"[0m  [["name", "Princess Mononoke"], ["price", 364], ["rating", 7], ["image_url", "https://picsum.photos/200/300"], ["description", "Here's looking at you, kid."], ["created_at", "2024-08-01 17:51:12.216761"], ["updated_at", "2024-08-01 17:51:12.216761"]]
  [1m[36mTRANSACTION (0.3ms)[0m  [1m[35mCOMMIT[0m
  [1m[36mTRANSACTION (0.1ms)[0m  [1m[35mBEGIN[0m
  [1m[36mItem Create (0.9ms)[0m  [1m[32mINSERT INTO "items" ("name", "price", "rating", "image_url", "description", "created_at", "updated_at") VALUES ($1, $2, $3, $4, $5, $6, $7) RETURNING "id"[0m  [["name", "The Bourne Ultimatum"], ["price", 1045], ["rating", 5], ["image_url", "https://picsum.photos/200/300"], ["description", "I'm going to make him an offer he can't refuse."], ["created_at", "2024-08-01 17:51:12.219274"], ["updated_at", "2024-08-01 17:51:12.219274"]]
  [1m[36mTRANSACTION (0.3ms)[0m  [1m[35mCOMMIT[0m
  [1m[36mTRANSACTION (0.1ms)[0m  [1m[35mBEGIN[0m
  [1m[36mItem Create (0.8ms)[0m  [1m[32mINSERT INTO "items" ("name", "price", "rating", "image_url", "description", "created_at", "updated_at") VALUES ($1, $2, $3, $4, $5, $6, $7) RETURNING "id"[0m  [["name", "Catch Me If You Can"], ["price", 360], ["rating", 2], ["image_url", "https://picsum.photos/200/300"], ["description", "You talking to me?"], ["created_at", "2024-08-01 17:51:12.221893"], ["updated_at", "2024-08-01 17:51:12.221893"]]
  [1m[36mTRANSACTION (0.2ms)[0m  [1m[35mCOMMIT[0m
  [1m[36mTRANSACTION (0.1ms)[0m  [1m[35mBEGIN[0m
  [1m[36mItem Create (0.8ms)[0m  [1m[32mINSERT INTO "items" ("name", "price", "rating", "image_url", "description", "created_at", "updated_at") VALUES ($1, $2, $3, $4, $5, $6, $7) RETURNING "id"[0m  [["name", "Paths of Glory"], ["price", 408], ["rating", 7], ["image_url", "https://picsum.photos/200/300"], ["description", "Frankly, my dear, I don’t give a damn."], ["created_at", "2024-08-01 17:51:12.224368"], ["updated_at", "2024-08-01 17:51:12.224368"]]
  [1m[36mTRANSACTION (0.3ms)[0m  [1m[35mCOMMIT[0m
  [1m[36mTRANSACTION (0.1ms)[0m  [1m[35mBEGIN[0m
  [1m[36mItem Create (0.9ms)[0m  [1m[32mINSERT INTO "items" ("name", "price", "rating", "image_url", "description", "created_at", "updated_at") VALUES ($1, $2, $3, $4, $5, $6, $7) RETURNING "id"[0m  [["name", "The Truman Show"], ["price", 595], ["rating", 5], ["image_url", "https://picsum.photos/200/300"], ["description", "May the Force be with you."], ["created_at", "2024-08-01 17:51:12.226971"], ["updated_at", "2024-08-01 17:51:12.226971"]]
  [1m[36mTRANSACTION (0.3ms)[0m  [1m[35mCOMMIT[0m
  [1m[36mTRANSACTION (0.1ms)[0m  [1m[35mBEGIN[0m
  [1m[36mItem Create (1.0ms)[0m  [1m[32mINSERT INTO "items" ("name", "price", "rating", "image_url", "description", "created_at", "updated_at") VALUES ($1, $2, $3, $4, $5, $6, $7) RETURNING "id"[0m  [["name", "Lawrence of Arabia"], ["price", 216], ["rating", 6], ["image_url", "https://picsum.photos/200/300"], ["description", "What we've got here is failure to communicate."], ["created_at", "2024-08-01 17:51:12.229517"], ["updated_at", "2024-08-01 17:51:12.229517"]]
  [1m[36mTRANSACTION (0.3ms)[0m  [1m[35mCOMMIT[0m
  [1m[36mTRANSACTION (0.1ms)[0m  [1m[35mBEGIN[0m
  [1m[36mItem Create (0.9ms)[0m  [1m[32mINSERT INTO "items" ("name", "price", "rating", "image_url", "description", "created_at", "updated_at") VALUES ($1, $2, $3, $4, $5, $6, $7) RETURNING "id"[0m  [["name", "Spotlight"], ["price", 992], ["rating", 1], ["image_url", "https://picsum.photos/200/300"], ["description", "Go ahead, make my day."], ["created_at", "2024-08-01 17:51:12.232290"], ["updated_at", "2024-08-01 17:51:12.232290"]]
  [1m[36mTRANSACTION (0.3ms)[0m  [1m[35mCOMMIT[0m
  [1m[36mTRANSACTION (0.1ms)[0m  [1m[35mBEGIN[0m
  [1m[36mItem Create (0.8ms)[0m  [1m[32mINSERT INTO "items" ("name", "price", "rating", "image_url", "description", "created_at", "updated_at") VALUES ($1, $2, $3, $4, $5, $6, $7) RETURNING "id"[0m  [["name", "WALL·E"], ["price", 281], ["rating", 8], ["image_url", "https://picsum.photos/200/300"], ["description", "Here's looking at you, kid."], ["created_at", "2024-08-01 17:51:12.234860"], ["updated_at", "2024-08-01 17:51:12.234860"]]
  [1m[36mTRANSACTION (0.2ms)[0m  [1m[35mCOMMIT[0m
  [1m[36mTRANSACTION (0.1ms)[0m  [1m[35mBEGIN[0m
  [1m[36mItem Create (0.9ms)[0m  [1m[32mINSERT INTO "items" ("name", "price", "rating", "image_url", "description", "created_at", "updated_at") VALUES ($1, $2, $3, $4, $5, $6, $7) RETURNING "id"[0m  [["name", "The Prestige"], ["price", 154], ["rating", 1], ["image_url", "https://picsum.photos/200/300"], ["description", "May the Force be with you."], ["created_at", "2024-08-01 17:51:12.237312"], ["updated_at", "2024-08-01 17:51:12.237312"]]
  [1m[36mTRANSACTION (0.3ms)[0m  [1m[35mCOMMIT[0m
  [1m[36mTRANSACTION (0.1ms)[0m  [1m[35mBEGIN[0m
  [1m[36mItem Create (1.0ms)[0m  [1m[32mINSERT INTO "items" ("name", "price", "rating", "image_url", "description", "created_at", "updated_at") VALUES ($1, $2, $3, $4, $5, $6, $7) RETURNING "id"[0m  [["name", "Seven Samurai"], ["price", 1038], ["rating", 2], ["image_url", "https://picsum.photos/200/300"], ["description", "Toto, I've got a feeling we're not in Kansas anymore."], ["created_at", "2024-08-01 17:51:12.239852"], ["updated_at", "2024-08-01 17:51:12.239852"]]
  [1m[36mTRANSACTION (0.3ms)[0m  [1m[35mCOMMIT[0m
  [1m[36mTRANSACTION (0.1ms)[0m  [1m[35mBEGIN[0m
  [1m[36mItem Create (0.9ms)[0m  [1m[32mINSERT INTO "items" ("name", "price", "rating", "image_url", "description", "created_at", "updated_at") VALUES ($1, $2, $3, $4, $5, $6, $7) RETURNING "id"[0m  [["name", "Snatch"], ["price", 792], ["rating", 1], ["image_url", "https://picsum.photos/200/300"], ["description", "I love the smell of napalm in the morning."], ["created_at", "2024-08-01 17:51:12.242499"], ["updated_at", "2024-08-01 17:51:12.242499"]]
  [1m[36mTRANSACTION (0.3ms)[0m  [1m[35mCOMMIT[0m
  [1m[36mTRANSACTION (0.1ms)[0m  [1m[35mBEGIN[0m
  [1m[36mItem Create (0.9ms)[0m  [1m[32mINSERT INTO "items" ("name", "price", "rating", "image_url", "description", "created_at", "updated_at") VALUES ($1, $2, $3, $4, $5, $6, $7) RETURNING "id"[0m  [["name", "The Pianist"], ["price", 780], ["rating", 8], ["image_url", "https://picsum.photos/200/300"], ["description", "What we've got here is failure to communicate."], ["created_at", "2024-08-01 17:51:12.245162"], ["updated_at", "2024-08-01 17:51:12.245162"]]
  [1m[36mTRANSACTION (0.3ms)[0m  [1m[35mCOMMIT[0m
  [1m[36mTRANSACTION (0.1ms)[0m  [1m[35mBEGIN[0m
  [1m[36mItem Create (1.2ms)[0m  [1m[32mINSERT INTO "items" ("name", "price", "rating", "image_url", "description", "created_at", "updated_at") VALUES ($1, $2, $3, $4, $5, $6, $7) RETURNING "id"[0m  [["name", "Toy Story 2"], ["price", 343], ["rating", 1], ["image_url", "https://picsum.photos/200/300"], ["description", "I'm going to make him an offer he can't refuse."], ["created_at", "2024-08-01 17:51:12.248980"], ["updated_at", "2024-08-01 17:51:12.248980"]]
  [1m[36mTRANSACTION (0.5ms)[0m  [1m[35mCOMMIT[0m
  [1m[36mTRANSACTION (0.1ms)[0m  [1m[35mBEGIN[0m
  [1m[36mItem Create (1.1ms)[0m  [1m[32mINSERT INTO "items" ("name", "price", "rating", "image_url", "description", "created_at", "updated_at") VALUES ($1, $2, $3, $4, $5, $6, $7) RETURNING "id"[0m  [["name", "The Lord of the Rings: The Two Towers"], ["price", 843], ["rating", 7], ["image_url", "https://picsum.photos/200/300"], ["description", "Here's looking at you, kid."], ["created_at", "2024-08-01 17:51:12.253280"], ["updated_at", "2024-08-01 17:51:12.253280"]]
  [1m[36mTRANSACTION (0.3ms)[0m  [1m[35mCOMMIT[0m
  [1m[36mTRANSACTION (0.1ms)[0m  [1m[35mBEGIN[0m
  [1m[36mItem Create (1.1ms)[0m  [1m[32mINSERT INTO "items" ("name", "price", "rating", "image_url", "description", "created_at", "updated_at") VALUES ($1, $2, $3, $4, $5, $6, $7) RETURNING "id"[0m  [["name", "Princess Mononoke"], ["price", 613], ["rating", 4], ["image_url", "https://picsum.photos/200/300"], ["description", "Toto, I've got a feeling we're not in Kansas anymore."], ["created_at", "2024-08-01 17:51:12.256535"], ["updated_at", "2024-08-01 17:51:12.256535"]]
  [1m[36mTRANSACTION (0.3ms)[0m  [1m[35mCOMMIT[0m
  [1m[36mTRANSACTION (0.1ms)[0m  [1m[35mBEGIN[0m
  [1m[36mItem Create (9.4ms)[0m  [1m[32mINSERT INTO "items" ("name", "price", "rating", "image_url", "description", "created_at", "updated_at") VALUES ($1, $2, $3, $4, $5, $6, $7) RETURNING "id"[0m  [["name", "Vertigo"], ["price", 1070], ["rating", 8], ["image_url", "https://picsum.photos/200/300"], ["description", "You talking to me?"], ["created_at", "2024-08-01 17:51:12.259711"], ["updated_at", "2024-08-01 17:51:12.259711"]]
  [1m[36mTRANSACTION (0.3ms)[0m  [1m[35mCOMMIT[0m
  [1m[36mTRANSACTION (0.1ms)[0m  [1m[35mBEGIN[0m
  [1m[36mItem Create (0.9ms)[0m  [1m[32mINSERT INTO "items" ("name", "price", "rating", "image_url", "description", "created_at", "updated_at") VALUES ($1, $2, $3, $4, $5, $6, $7) RETURNING "id"[0m  [["name", "The Great Dictator"], ["price", 851], ["rating", 2], ["image_url", "https://picsum.photos/200/300"], ["description", "Go ahead, make my day."], ["created_at", "2024-08-01 17:51:12.271148"], ["updated_at", "2024-08-01 17:51:12.271148"]]
  [1m[36mTRANSACTION (0.3ms)[0m  [1m[35mCOMMIT[0m
  [1m[36mTRANSACTION (0.1ms)[0m  [1m[35mBEGIN[0m
  [1m[36mItem Create (0.9ms)[0m  [1m[32mINSERT INTO "items" ("name", "price", "rating", "image_url", "description", "created_at", "updated_at") VALUES ($1, $2, $3, $4, $5, $6, $7) RETURNING "id"[0m  [["name", "Dog Day Afternoon"], ["price", 106], ["rating", 0], ["image_url", "https://picsum.photos/200/300"], ["description", "You talking to me?"], ["created_at", "2024-08-01 17:51:12.274064"], ["updated_at", "2024-08-01 17:51:12.274064"]]
  [1m[36mTRANSACTION (0.3ms)[0m  [1m[35mCOMMIT[0m
  [1m[36mItem Load (0.3ms)[0m  [1m[34mSELECT "items".* FROM "items" /* loading for pp */ LIMIT $1[0m  [["LIMIT", 11]]
  [1m[36mItem Count (0.6ms)[0m  [1m[34mSELECT COUNT(*) FROM "items"[0m
Started GET "/" for 127.0.0.1 at 2024-08-01 22:57:41 +0500
  [1m[36mActiveRecord::SchemaMigration Load (0.7ms)[0m  [1m[34mSELECT "schema_migrations"."version" FROM "schema_migrations" ORDER BY "schema_migrations"."version" ASC[0m
Processing by Rails::WelcomeController#index as HTML
  Rendering /Users/deltalabs/.rvm/rubies/ruby-3.2.1/lib/ruby/gems/3.2.0/gems/railties-7.1.3.4/lib/rails/templates/rails/welcome/index.html.erb
  Rendered /Users/deltalabs/.rvm/rubies/ruby-3.2.1/lib/ruby/gems/3.2.0/gems/railties-7.1.3.4/lib/rails/templates/rails/welcome/index.html.erb (Duration: 0.9ms | Allocations: 374)
Completed 200 OK in 243ms (Views: 8.4ms | ActiveRecord: 0.0ms | Allocations: 287883)


Started GET "/items" for 127.0.0.1 at 2024-08-01 22:58:00 +0500
  
ActionController::RoutingError (uninitialized constant ItemsController):
  
Started GET "/favicon.ico" for 127.0.0.1 at 2024-08-01 22:58:01 +0500
  
ActionController::RoutingError (No route matches [GET] "/favicon.ico"):
  
Started GET "/items" for 127.0.0.1 at 2024-08-01 22:59:05 +0500
  [1m[36mActiveRecord::SchemaMigration Load (0.9ms)[0m  [1m[34mSELECT "schema_migrations"."version" FROM "schema_migrations" ORDER BY "schema_migrations"."version" ASC[0m
Processing by ItemsController#index as HTML
Completed 500 Internal Server Error in 6ms (ActiveRecord: 0.0ms | Allocations: 2391)


  
NoMethodError (undefined method `put' for #<ItemsController:0x00000000008958>):
  
app/controllers/items_controller.rb:4:in `index'
Started GET "/items" for 127.0.0.1 at 2024-08-01 22:59:13 +0500
Processing by ItemsController#index as HTML
Completed 204 No Content in 0ms (ActiveRecord: 0.0ms | Allocations: 81)


Started GET "/items" for 127.0.0.1 at 2024-08-01 22:59:24 +0500
  [1m[36mActiveRecord::SchemaMigration Load (0.6ms)[0m  [1m[34mSELECT "schema_migrations"."version" FROM "schema_migrations" ORDER BY "schema_migrations"."version" ASC[0m
Processing by ItemsController#index as HTML
Completed 204 No Content in 9ms (ActiveRecord: 0.0ms | Allocations: 2312)


Started GET "/items" for 127.0.0.1 at 2024-08-01 22:59:26 +0500
Processing by ItemsController#index as HTML
Completed 204 No Content in 0ms (ActiveRecord: 0.0ms | Allocations: 21)


Started GET "/items" for 127.0.0.1 at 2024-08-01 22:59:56 +0500
  [1m[36mActiveRecord::SchemaMigration Load (0.7ms)[0m  [1m[34mSELECT "schema_migrations"."version" FROM "schema_migrations" ORDER BY "schema_migrations"."version" ASC[0m
Processing by ItemsController#index as HTML
Completed 204 No Content in 10ms (ActiveRecord: 0.0ms | Allocations: 2312)


Started GET "/items" for 127.0.0.1 at 2024-08-01 23:00:18 +0500
Processing by ItemsController#index as HTML
Completed 204 No Content in 12ms (ActiveRecord: 0.0ms | Allocations: 5847)


Started GET "/items" for 127.0.0.1 at 2024-08-01 23:00:49 +0500
Processing by ItemsController#index as HTML
Completed 204 No Content in 0ms (ActiveRecord: 0.0ms | Allocations: 32)


Started GET "/items/1" for 127.0.0.1 at 2024-08-01 23:02:15 +0500
  [1m[36mActiveRecord::SchemaMigration Load (0.6ms)[0m  [1m[34mSELECT "schema_migrations"."version" FROM "schema_migrations" ORDER BY "schema_migrations"."version" ASC[0m
Processing by ItemsController#show as HTML
  Parameters: {"id"=>"1"}
Completed 204 No Content in 36303ms (ActiveRecord: 0.0ms | Allocations: 61078)


Started GET "/items" for 127.0.0.1 at 2024-08-01 23:02:56 +0500
  [1m[36mActiveRecord::SchemaMigration Load (0.6ms)[0m  [1m[34mSELECT "schema_migrations"."version" FROM "schema_migrations" ORDER BY "schema_migrations"."version" ASC[0m
Processing by ItemsController#index as HTML
Completed 204 No Content in 20ms (ActiveRecord: 0.0ms | Allocations: 8092)


Started GET "/items/1" for 127.0.0.1 at 2024-08-01 23:03:07 +0500
Processing by ItemsController#show as HTML
  Parameters: {"id"=>"1"}
  [1m[36mItem Load (0.5ms)[0m  [1m[34mSELECT "items".* FROM "items" WHERE "items"."id" = $1 LIMIT $2[0m  [["id", 1], ["LIMIT", 1]]
  ↳ app/controllers/items_controller.rb:12:in `show'
Completed 204 No Content in 54ms (ActiveRecord: 13.1ms | Allocations: 16860)


Started GET "/items/1" for 127.0.0.1 at 2024-08-01 23:05:49 +0500
Processing by ItemsController#show as HTML
  Parameters: {"id"=>"1"}
  [1m[36mItem Load (0.2ms)[0m  [1m[34mSELECT "items".* FROM "items" WHERE "items"."id" = $1 LIMIT $2[0m  [["id", 1], ["LIMIT", 1]]
  ↳ app/controllers/items_controller.rb:13:in `show'
Completed 204 No Content in 9ms (ActiveRecord: 3.4ms | Allocations: 4633)


Started GET "/items" for 127.0.0.1 at 2024-08-01 23:06:30 +0500
Processing by ItemsController#index as HTML
Completed 204 No Content in 0ms (ActiveRecord: 0.0ms | Allocations: 29)


Started GET "/items" for 127.0.0.1 at 2024-08-01 23:06:40 +0500
  [1m[36mActiveRecord::SchemaMigration Load (0.7ms)[0m  [1m[34mSELECT "schema_migrations"."version" FROM "schema_migrations" ORDER BY "schema_migrations"."version" ASC[0m
Processing by ItemsController#index as HTML
Completed 204 No Content in 20ms (ActiveRecord: 0.0ms | Allocations: 8092)


Started GET "/items" for 127.0.0.1 at 2024-08-01 23:07:06 +0500
Processing by ItemsController#index as HTML
  [1m[36mItem Load (0.4ms)[0m  [1m[34mSELECT "items".* FROM "items" /* loading for inspect */ LIMIT $1[0m  [["LIMIT", 11]]
  ↳ app/controllers/items_controller.rb:5:in `index'
Completed 204 No Content in 9132ms (ActiveRecord: 11.2ms | Allocations: 59943)


Started GET "/items/name:hello" for 127.0.0.1 at 2024-08-01 23:07:40 +0500
Processing by ItemsController#show as HTML
  Parameters: {"id"=>"name:hello"}
  [1m[36mItem Load (0.1ms)[0m  [1m[34mSELECT "items".* FROM "items" WHERE "items"."id" = $1 LIMIT $2[0m  [["id", nil], ["LIMIT", 1]]
  ↳ app/controllers/items_controller.rb:13:in `show'
Completed 404 Not Found in 7ms (ActiveRecord: 2.8ms | Allocations: 2372)


  
ActiveRecord::RecordNotFound (Couldn't find Item with 'id'=name:hello):
  
app/controllers/items_controller.rb:13:in `show'
Started GET "/items/1" for 127.0.0.1 at 2024-08-01 23:08:55 +0500
Processing by ItemsController#show as HTML
  Parameters: {"id"=>"1"}
  [1m[36mItem Load (0.2ms)[0m  [1m[34mSELECT "items".* FROM "items" WHERE "items"."id" = $1 LIMIT $2[0m  [["id", 1], ["LIMIT", 1]]
  ↳ app/controllers/items_controller.rb:13:in `show'
Completed 204 No Content in 8ms (ActiveRecord: 2.5ms | Allocations: 4664)


Started GET "/items/1" for 127.0.0.1 at 2024-08-01 23:09:29 +0500
Processing by ItemsController#show as HTML
  Parameters: {"id"=>"1"}
  [1m[36mItem Load (0.2ms)[0m  [1m[34mSELECT "items".* FROM "items" WHERE "items"."id" = $1 LIMIT $2[0m  [["id", 1], ["LIMIT", 1]]
  ↳ app/controllers/items_controller.rb:13:in `show'
Completed 204 No Content in 1ms (ActiveRecord: 0.2ms | Allocations: 459)


Started GET "/items/name:hello" for 127.0.0.1 at 2024-08-01 23:09:31 +0500
Processing by ItemsController#show as HTML
  Parameters: {"id"=>"name:hello"}
  [1m[36mItem Load (0.2ms)[0m  [1m[34mSELECT "items".* FROM "items" WHERE "items"."id" = $1 LIMIT $2[0m  [["id", nil], ["LIMIT", 1]]
  ↳ app/controllers/items_controller.rb:13:in `show'
Completed 404 Not Found in 1ms (ActiveRecord: 0.2ms | Allocations: 511)


  
ActiveRecord::RecordNotFound (Couldn't find Item with 'id'=name:hello):
  
app/controllers/items_controller.rb:13:in `show'
Started GET "/items" for 127.0.0.1 at 2024-08-01 23:09:36 +0500
Processing by ItemsController#index as HTML
Completed 204 No Content in 0ms (ActiveRecord: 0.0ms | Allocations: 29)


Started GET "/items/1" for 127.0.0.1 at 2024-08-01 23:12:39 +0500
  [1m[36mActiveRecord::SchemaMigration Load (0.5ms)[0m  [1m[34mSELECT "schema_migrations"."version" FROM "schema_migrations" ORDER BY "schema_migrations"."version" ASC[0m
Processing by ItemsController#show as HTML
  Parameters: {"id"=>"1"}
  [1m[36mItem Load (0.3ms)[0m  [1m[34mSELECT "items".* FROM "items" WHERE "items"."id" = $1 LIMIT $2[0m  [["id", 1], ["LIMIT", 1]]
  ↳ app/controllers/items_controller.rb:13:in `show'
Completed 204 No Content in 54ms (ActiveRecord: 10.0ms | Allocations: 24485)


Started GET "/items/1" for 127.0.0.1 at 2024-08-01 23:15:47 +0500
  [1m[36mActiveRecord::SchemaMigration Load (0.6ms)[0m  [1m[34mSELECT "schema_migrations"."version" FROM "schema_migrations" ORDER BY "schema_migrations"."version" ASC[0m
Processing by ItemsController#show as HTML
  Parameters: {"id"=>"1"}
  [1m[36mItem Load (0.3ms)[0m  [1m[34mSELECT "items".* FROM "items" WHERE "items"."id" = $1 LIMIT $2[0m  [["id", 1], ["LIMIT", 1]]
  ↳ app/controllers/items_controller.rb:12:in `show'
Completed 200 OK in 56ms (Views: 0.5ms | ActiveRecord: 10.9ms | Allocations: 24852)


Started GET "/items" for 127.0.0.1 at 2024-08-01 23:15:54 +0500
Processing by ItemsController#index as HTML
  [1m[36mItem Load (0.4ms)[0m  [1m[34mSELECT "items".* FROM "items"[0m
  ↳ app/controllers/items_controller.rb:4:in `index'
Completed 200 OK in 5ms (Views: 4.1ms | ActiveRecord: 0.4ms | Allocations: 2386)


  [1m[36mItem Count (0.4ms)[0m  [1m[34mSELECT COUNT(*) FROM "items"[0m
Started GET "/items/1" for 127.0.0.1 at 2024-08-01 23:16:49 +0500
  [1m[36mActiveRecord::SchemaMigration Load (0.5ms)[0m  [1m[34mSELECT "schema_migrations"."version" FROM "schema_migrations" ORDER BY "schema_migrations"."version" ASC[0m
Processing by ItemsController#show as HTML
  Parameters: {"id"=>"1"}
  [1m[36mItem Load (0.3ms)[0m  [1m[34mSELECT "items".* FROM "items" WHERE "items"."id" = $1 LIMIT $2[0m  [["id", 1], ["LIMIT", 1]]
  ↳ app/controllers/items_controller.rb:12:in `show'
Completed 200 OK in 54ms (Views: 0.4ms | ActiveRecord: 9.7ms | Allocations: 24851)


